[    1294ms] [WARNING] Skipped "*/*" because it is not a valid MIME type. Check https://developer.mozilla.org/en-US/docs/Web/HTTP/Basics_of_HTTP/MIME_types/Common_types for a list of valid MIME types. @ http://localhost:8000/assets/index-LFVFt-Wr.js:9207
[    1298ms] [WARNING] Skipped "*/*" because it is not a valid MIME type. Check https://developer.mozilla.org/en-US/docs/Web/HTTP/Basics_of_HTTP/MIME_types/Common_types for a list of valid MIME types. @ http://localhost:8000/assets/index-LFVFt-Wr.js:9207
[    1344ms] [WARNING] Skipped "*/*" because it is not a valid MIME type. Check https://developer.mozilla.org/en-US/docs/Web/HTTP/Basics_of_HTTP/MIME_types/Common_types for a list of valid MIME types. @ http://localhost:8000/assets/index-LFVFt-Wr.js:9207
[    1574ms] [WARNING] Skipped "*/*" because it is not a valid MIME type. Check https://developer.mozilla.org/en-US/docs/Web/HTTP/Basics_of_HTTP/MIME_types/Common_types for a list of valid MIME types. @ http://localhost:8000/assets/index-LFVFt-Wr.js:9207
[    1575ms] [WARNING] Skipped "*/*" because it is not a valid MIME type. Check https://developer.mozilla.org/en-US/docs/Web/HTTP/Basics_of_HTTP/MIME_types/Common_types for a list of valid MIME types. @ http://localhost:8000/assets/index-LFVFt-Wr.js:9207
[    1599ms] [WARNING] Skipped "*/*" because it is not a valid MIME type. Check https://developer.mozilla.org/en-US/docs/Web/HTTP/Basics_of_HTTP/MIME_types/Common_types for a list of valid MIME types. @ http://localhost:8000/assets/index-LFVFt-Wr.js:9207
[    1600ms] [WARNING] Skipped "*/*" because it is not a valid MIME type. Check https://developer.mozilla.org/en-US/docs/Web/HTTP/Basics_of_HTTP/MIME_types/Common_types for a list of valid MIME types. @ http://localhost:8000/assets/index-LFVFt-Wr.js:9207
[    1630ms] [WARNING] Skipped "*/*" because it is not a valid MIME type. Check https://developer.mozilla.org/en-US/docs/Web/HTTP/Basics_of_HTTP/MIME_types/Common_types for a list of valid MIME types. @ http://localhost:8000/assets/index-LFVFt-Wr.js:9207
[    1643ms] [WARNING] Skipped "*/*" because it is not a valid MIME type. Check https://developer.mozilla.org/en-US/docs/Web/HTTP/Basics_of_HTTP/MIME_types/Common_types for a list of valid MIME types. @ http://localhost:8000/assets/index-LFVFt-Wr.js:9207
[    1662ms] [WARNING] Skipped "*/*" because it is not a valid MIME type. Check https://developer.mozilla.org/en-US/docs/Web/HTTP/Basics_of_HTTP/MIME_types/Common_types for a list of valid MIME types. @ http://localhost:8000/assets/index-LFVFt-Wr.js:9207
[  180710ms] [WARNING] Skipped "*/*" because it is not a valid MIME type. Check https://developer.mozilla.org/en-US/docs/Web/HTTP/Basics_of_HTTP/MIME_types/Common_types for a list of valid MIME types. @ http://localhost:8000/assets/index-LFVFt-Wr.js:9207
[  180716ms] [WARNING] Skipped "*/*" because it is not a valid MIME type. Check https://developer.mozilla.org/en-US/docs/Web/HTTP/Basics_of_HTTP/MIME_types/Common_types for a list of valid MIME types. @ http://localhost:8000/assets/index-LFVFt-Wr.js:9207
[  180721ms] [WARNING] Skipped "*/*" because it is not a valid MIME type. Check https://developer.mozilla.org/en-US/docs/Web/HTTP/Basics_of_HTTP/MIME_types/Common_types for a list of valid MIME types. @ http://localhost:8000/assets/index-LFVFt-Wr.js:9207
[  180731ms] [WARNING] Skipped "*/*" because it is not a valid MIME type. Check https://developer.mozilla.org/en-US/docs/Web/HTTP/Basics_of_HTTP/MIME_types/Common_types for a list of valid MIME types. @ http://localhost:8000/assets/index-LFVFt-Wr.js:9207
[  180735ms] [WARNING] Skipped "*/*" because it is not a valid MIME type. Check https://developer.mozilla.org/en-US/docs/Web/HTTP/Basics_of_HTTP/MIME_types/Common_types for a list of valid MIME types. @ http://localhost:8000/assets/index-LFVFt-Wr.js:9207
[  180745ms] [WARNING] Skipped "*/*" because it is not a valid MIME type. Check https://developer.mozilla.org/en-US/docs/Web/HTTP/Basics_of_HTTP/MIME_types/Common_types for a list of valid MIME types. @ http://localhost:8000/assets/index-LFVFt-Wr.js:9207
[  180747ms] [WARNING] Skipped "*/*" because it is not a valid MIME type. Check https://developer.mozilla.org/en-US/docs/Web/HTTP/Basics_of_HTTP/MIME_types/Common_types for a list of valid MIME types. @ http://localhost:8000/assets/index-LFVFt-Wr.js:9207
[  180752ms] [WARNING] Skipped "*/*" because it is not a valid MIME type. Check https://developer.mozilla.org/en-US/docs/Web/HTTP/Basics_of_HTTP/MIME_types/Common_types for a list of valid MIME types. @ http://localhost:8000/assets/index-LFVFt-Wr.js:9207
[  180753ms] [WARNING] Skipped "*/*" because it is not a valid MIME type. Check https://developer.mozilla.org/en-US/docs/Web/HTTP/Basics_of_HTTP/MIME_types/Common_types for a list of valid MIME types. @ http://localhost:8000/assets/index-LFVFt-Wr.js:9207
[  180944ms] [WARNING] Skipped "*/*" because it is not a valid MIME type. Check https://developer.mozilla.org/en-US/docs/Web/HTTP/Basics_of_HTTP/MIME_types/Common_types for a list of valid MIME types. @ http://localhost:8000/assets/index-LFVFt-Wr.js:9207
[  180947ms] [WARNING] Skipped "*/*" because it is not a valid MIME type. Check https://developer.mozilla.org/en-US/docs/Web/HTTP/Basics_of_HTTP/MIME_types/Common_types for a list of valid MIME types. @ http://localhost:8000/assets/index-LFVFt-Wr.js:9207
[  236838ms] [WARNING] Skipped "*/*" because it is not a valid MIME type. Check https://developer.mozilla.org/en-US/docs/Web/HTTP/Basics_of_HTTP/MIME_types/Common_types for a list of valid MIME types. @ http://localhost:8000/assets/index-LFVFt-Wr.js:9207
[  238644ms] [WARNING] Skipped "*/*" because it is not a valid MIME type. Check https://developer.mozilla.org/en-US/docs/Web/HTTP/Basics_of_HTTP/MIME_types/Common_types for a list of valid MIME types. @ http://localhost:8000/assets/index-LFVFt-Wr.js:9207
[  247350ms] [WARNING] Skipped "*/*" because it is not a valid MIME type. Check https://developer.mozilla.org/en-US/docs/Web/HTTP/Basics_of_HTTP/MIME_types/Common_types for a list of valid MIME types. @ http://localhost:8000/assets/index-LFVFt-Wr.js:9207
[  247354ms] [WARNING] Skipped "*/*" because it is not a valid MIME type. Check https://developer.mozilla.org/en-US/docs/Web/HTTP/Basics_of_HTTP/MIME_types/Common_types for a list of valid MIME types. @ http://localhost:8000/assets/index-LFVFt-Wr.js:9207
[  269486ms] [WARNING] Skipped "*/*" because it is not a valid MIME type. Check https://developer.mozilla.org/en-US/docs/Web/HTTP/Basics_of_HTTP/MIME_types/Common_types for a list of valid MIME types. @ http://localhost:8000/assets/index-LFVFt-Wr.js:9207
[  269489ms] [WARNING] Skipped "*/*" because it is not a valid MIME type. Check https://developer.mozilla.org/en-US/docs/Web/HTTP/Basics_of_HTTP/MIME_types/Common_types for a list of valid MIME types. @ http://localhost:8000/assets/index-LFVFt-Wr.js:9207
[  293102ms] [ERROR] Failed to load resource: net::ERR_CONNECTION_RESET @ http://localhost:8000/user:0
[  293102ms] [ERROR] TypeError: Failed to fetch
    at fetchCallImpl (http://gc.kis.v2.scr.kaspersky-labs.com/FD126C42-EBFA-4E12-B309-BB3FDD723AC1/main.js?attr=bnAhX6gtjaVNCWsJOvIbrCczRgNEwj9QJ4cf3Ta5YaQodUOvw_f8bFF3R-oJX8vQ:4680:21)
    at fetch (http://gc.kis.v2.scr.kaspersky-labs.com/FD126C42-EBFA-4E12-B309-BB3FDD723AC1/main.js?attr=bnAhX6gtjaVNCWsJOvIbrCczRgNEwj9QJ4cf3Ta5YaQodUOvw_f8bFF3R-oJX8vQ:4686:60)
    at Coe.fetch (http://localhost:8000/assets/index-LFVFt-Wr.js:403:9067)
    at Coe.get (http://localhost:8000/assets/index-LFVFt-Wr.js:403:9335)
    at YPe (http://localhost:8000/assets/index-LFVFt-Wr.js:403:6794)
    at http://localhost:8000/assets/index-LFVFt-Wr.js:403:7153
    at http://localhost:8000/assets/index-LFVFt-Wr.js:104:5929
    at http://localhost:8000/assets/index-LFVFt-Wr.js:104:8350 @ http://localhost:8000/assets/index-LFVFt-Wr.js:402
[  293108ms] [WARNING] Skipped "*/*" because it is not a valid MIME type. Check https://developer.mozilla.org/en-US/docs/Web/HTTP/Basics_of_HTTP/MIME_types/Common_types for a list of valid MIME types. @ http://localhost:8000/assets/index-LFVFt-Wr.js:9207
[  293113ms] [WARNING] Skipped "*/*" because it is not a valid MIME type. Check https://developer.mozilla.org/en-US/docs/Web/HTTP/Basics_of_HTTP/MIME_types/Common_types for a list of valid MIME types. @ http://localhost:8000/assets/index-LFVFt-Wr.js:9207
[  293126ms] [WARNING] Skipped "*/*" because it is not a valid MIME type. Check https://developer.mozilla.org/en-US/docs/Web/HTTP/Basics_of_HTTP/MIME_types/Common_types for a list of valid MIME types. @ http://localhost:8000/assets/index-LFVFt-Wr.js:9207
[  293130ms] [WARNING] Skipped "*/*" because it is not a valid MIME type. Check https://developer.mozilla.org/en-US/docs/Web/HTTP/Basics_of_HTTP/MIME_types/Common_types for a list of valid MIME types. @ http://localhost:8000/assets/index-LFVFt-Wr.js:9207
[  293134ms] [ERROR] Failed to load resource: net::ERR_CONNECTION_RESET @ http://localhost:8000/ws/socket.io/?EIO=4&transport=polling&t=PuL_aex:0
[  293134ms] [ERROR] Failed to load resource: net::ERR_CONNECTION_RESET @ http://localhost:8000/ws/socket.io/?EIO=4&transport=polling&t=PuL_ggk:0
[  293137ms] [WARNING] Skipped "*/*" because it is not a valid MIME type. Check https://developer.mozilla.org/en-US/docs/Web/HTTP/Basics_of_HTTP/MIME_types/Common_types for a list of valid MIME types. @ http://localhost:8000/assets/index-LFVFt-Wr.js:9207
[  293139ms] [WARNING] Skipped "*/*" because it is not a valid MIME type. Check https://developer.mozilla.org/en-US/docs/Web/HTTP/Basics_of_HTTP/MIME_types/Common_types for a list of valid MIME types. @ http://localhost:8000/assets/index-LFVFt-Wr.js:9207
[  294435ms] [ERROR] Failed to load resource: net::ERR_CONNECTION_REFUSED @ http://localhost:8000/ws/socket.io/?EIO=4&transport=polling&t=PuL_VF2:0
[  299480ms] [ERROR] Failed to load resource: net::ERR_CONNECTION_REFUSED @ http://localhost:8000/ws/socket.io/?EIO=4&transport=polling&t=PuL_mXP:0
[  299485ms] [WARNING] Skipped "*/*" because it is not a valid MIME type. Check https://developer.mozilla.org/en-US/docs/Web/HTTP/Basics_of_HTTP/MIME_types/Common_types for a list of valid MIME types. @ http://localhost:8000/assets/index-LFVFt-Wr.js:9207
[  299488ms] [WARNING] Skipped "*/*" because it is not a valid MIME type. Check https://developer.mozilla.org/en-US/docs/Web/HTTP/Basics_of_HTTP/MIME_types/Common_types for a list of valid MIME types. @ http://localhost:8000/assets/index-LFVFt-Wr.js:9207
[  304421ms] [ERROR] Failed to load resource: net::ERR_CONNECTION_REFUSED @ http://localhost:8000/user:0
[  304421ms] [ERROR] TypeError: Failed to fetch
    at fetchCallImpl (http://gc.kis.v2.scr.kaspersky-labs.com/FD126C42-EBFA-4E12-B309-BB3FDD723AC1/main.js?attr=bnAhX6gtjaVNCWsJOvIbrCczRgNEwj9QJ4cf3Ta5YaQodUOvw_f8bFF3R-oJX8vQ:4680:21)
    at fetch (http://gc.kis.v2.scr.kaspersky-labs.com/FD126C42-EBFA-4E12-B309-BB3FDD723AC1/main.js?attr=bnAhX6gtjaVNCWsJOvIbrCczRgNEwj9QJ4cf3Ta5YaQodUOvw_f8bFF3R-oJX8vQ:4686:60)
    at Coe.fetch (http://localhost:8000/assets/index-LFVFt-Wr.js:403:9067)
    at Coe.get (http://localhost:8000/assets/index-LFVFt-Wr.js:403:9335)
    at YPe (http://localhost:8000/assets/index-LFVFt-Wr.js:403:6794)
    at http://localhost:8000/assets/index-LFVFt-Wr.js:403:7153
    at http://localhost:8000/assets/index-LFVFt-Wr.js:104:5929
    at http://localhost:8000/assets/index-LFVFt-Wr.js:104:8350
    at Array.<anonymous> (http://localhost:8000/assets/index-LFVFt-Wr.js:104:9452)
    at ke.isPaused.ke.onErrorRetry.retryCount (http://localhost:8000/assets/index-LFVFt-Wr.js:104:8880) @ http://localhost:8000/assets/index-LFVFt-Wr.js:402
[  304424ms] [WARNING] Skipped "*/*" because it is not a valid MIME type. Check https://developer.mozilla.org/en-US/docs/Web/HTTP/Basics_of_HTTP/MIME_types/Common_types for a list of valid MIME types. @ http://localhost:8000/assets/index-LFVFt-Wr.js:9207
[  304427ms] [WARNING] Skipped "*/*" because it is not a valid MIME type. Check https://developer.mozilla.org/en-US/docs/Web/HTTP/Basics_of_HTTP/MIME_types/Common_types for a list of valid MIME types. @ http://localhost:8000/assets/index-LFVFt-Wr.js:9207
[  304689ms] [ERROR] Failed to load resource: net::ERR_CONNECTION_REFUSED @ http://localhost:8000/ws/socket.io/?EIO=4&transport=polling&t=PuL_o4R:0
[  304693ms] [WARNING] Skipped "*/*" because it is not a valid MIME type. Check https://developer.mozilla.org/en-US/docs/Web/HTTP/Basics_of_HTTP/MIME_types/Common_types for a list of valid MIME types. @ http://localhost:8000/assets/index-LFVFt-Wr.js:9207
[  304695ms] [WARNING] Skipped "*/*" because it is not a valid MIME type. Check https://developer.mozilla.org/en-US/docs/Web/HTTP/Basics_of_HTTP/MIME_types/Common_types for a list of valid MIME types. @ http://localhost:8000/assets/index-LFVFt-Wr.js:9207
[  310065ms] [WARNING] Skipped "*/*" because it is not a valid MIME type. Check https://developer.mozilla.org/en-US/docs/Web/HTTP/Basics_of_HTTP/MIME_types/Common_types for a list of valid MIME types. @ http://localhost:8000/assets/index-LFVFt-Wr.js:9207
[  310069ms] [WARNING] Skipped "*/*" because it is not a valid MIME type. Check https://developer.mozilla.org/en-US/docs/Web/HTTP/Basics_of_HTTP/MIME_types/Common_types for a list of valid MIME types. @ http://localhost:8000/assets/index-LFVFt-Wr.js:9207
[  310293ms] [WARNING] Skipped "*/*" because it is not a valid MIME type. Check https://developer.mozilla.org/en-US/docs/Web/HTTP/Basics_of_HTTP/MIME_types/Common_types for a list of valid MIME types. @ http://localhost:8000/assets/index-LFVFt-Wr.js:9207
[  310296ms] [WARNING] Skipped "*/*" because it is not a valid MIME type. Check https://developer.mozilla.org/en-US/docs/Web/HTTP/Basics_of_HTTP/MIME_types/Common_types for a list of valid MIME types. @ http://localhost:8000/assets/index-LFVFt-Wr.js:9207
[  310305ms] [WARNING] Skipped "*/*" because it is not a valid MIME type. Check https://developer.mozilla.org/en-US/docs/Web/HTTP/Basics_of_HTTP/MIME_types/Common_types for a list of valid MIME types. @ http://localhost:8000/assets/index-LFVFt-Wr.js:9207
[  310313ms] [WARNING] Skipped "*/*" because it is not a valid MIME type. Check https://developer.mozilla.org/en-US/docs/Web/HTTP/Basics_of_HTTP/MIME_types/Common_types for a list of valid MIME types. @ http://localhost:8000/assets/index-LFVFt-Wr.js:9207
[  310319ms] [WARNING] Skipped "*/*" because it is not a valid MIME type. Check https://developer.mozilla.org/en-US/docs/Web/HTTP/Basics_of_HTTP/MIME_types/Common_types for a list of valid MIME types. @ http://localhost:8000/assets/index-LFVFt-Wr.js:9207
[  314455ms] [WARNING] Skipped "*/*" because it is not a valid MIME type. Check https://developer.mozilla.org/en-US/docs/Web/HTTP/Basics_of_HTTP/MIME_types/Common_types for a list of valid MIME types. @ http://localhost:8000/assets/index-LFVFt-Wr.js:9207
[  314457ms] [WARNING] Skipped "*/*" because it is not a valid MIME type. Check https://developer.mozilla.org/en-US/docs/Web/HTTP/Basics_of_HTTP/MIME_types/Common_types for a list of valid MIME types. @ http://localhost:8000/assets/index-LFVFt-Wr.js:9207
