[     127ms] [WARNING] Skipped "*/*" because it is not a valid MIME type. Check https://developer.mozilla.org/en-US/docs/Web/HTTP/Basics_of_HTTP/MIME_types/Common_types for a list of valid MIME types. @ http://localhost:8000/assets/index-LFVFt-Wr.js:9207
[     129ms] [WARNING] Skipped "*/*" because it is not a valid MIME type. Check https://developer.mozilla.org/en-US/docs/Web/HTTP/Basics_of_HTTP/MIME_types/Common_types for a list of valid MIME types. @ http://localhost:8000/assets/index-LFVFt-Wr.js:9207
[     142ms] [WARNING] Skipped "*/*" because it is not a valid MIME type. Check https://developer.mozilla.org/en-US/docs/Web/HTTP/Basics_of_HTTP/MIME_types/Common_types for a list of valid MIME types. @ http://localhost:8000/assets/index-LFVFt-Wr.js:9207
[     366ms] [WARNING] Skipped "*/*" because it is not a valid MIME type. Check https://developer.mozilla.org/en-US/docs/Web/HTTP/Basics_of_HTTP/MIME_types/Common_types for a list of valid MIME types. @ http://localhost:8000/assets/index-LFVFt-Wr.js:9207
[     367ms] [WARNING] Skipped "*/*" because it is not a valid MIME type. Check https://developer.mozilla.org/en-US/docs/Web/HTTP/Basics_of_HTTP/MIME_types/Common_types for a list of valid MIME types. @ http://localhost:8000/assets/index-LFVFt-Wr.js:9207
[     390ms] [WARNING] Skipped "*/*" because it is not a valid MIME type. Check https://developer.mozilla.org/en-US/docs/Web/HTTP/Basics_of_HTTP/MIME_types/Common_types for a list of valid MIME types. @ http://localhost:8000/assets/index-LFVFt-Wr.js:9207
[     392ms] [WARNING] Skipped "*/*" because it is not a valid MIME type. Check https://developer.mozilla.org/en-US/docs/Web/HTTP/Basics_of_HTTP/MIME_types/Common_types for a list of valid MIME types. @ http://localhost:8000/assets/index-LFVFt-Wr.js:9207
[     420ms] [WARNING] Skipped "*/*" because it is not a valid MIME type. Check https://developer.mozilla.org/en-US/docs/Web/HTTP/Basics_of_HTTP/MIME_types/Common_types for a list of valid MIME types. @ http://localhost:8000/assets/index-LFVFt-Wr.js:9207
[     427ms] [WARNING] Skipped "*/*" because it is not a valid MIME type. Check https://developer.mozilla.org/en-US/docs/Web/HTTP/Basics_of_HTTP/MIME_types/Common_types for a list of valid MIME types. @ http://localhost:8000/assets/index-LFVFt-Wr.js:9207
[     435ms] [WARNING] Skipped "*/*" because it is not a valid MIME type. Check https://developer.mozilla.org/en-US/docs/Web/HTTP/Basics_of_HTTP/MIME_types/Common_types for a list of valid MIME types. @ http://localhost:8000/assets/index-LFVFt-Wr.js:9207
[    7902ms] [WARNING] Skipped "*/*" because it is not a valid MIME type. Check https://developer.mozilla.org/en-US/docs/Web/HTTP/Basics_of_HTTP/MIME_types/Common_types for a list of valid MIME types. @ http://localhost:8000/assets/index-LFVFt-Wr.js:9207
[    7906ms] [WARNING] Skipped "*/*" because it is not a valid MIME type. Check https://developer.mozilla.org/en-US/docs/Web/HTTP/Basics_of_HTTP/MIME_types/Common_types for a list of valid MIME types. @ http://localhost:8000/assets/index-LFVFt-Wr.js:9207
[    7910ms] [WARNING] Skipped "*/*" because it is not a valid MIME type. Check https://developer.mozilla.org/en-US/docs/Web/HTTP/Basics_of_HTTP/MIME_types/Common_types for a list of valid MIME types. @ http://localhost:8000/assets/index-LFVFt-Wr.js:9207
[    7921ms] [WARNING] Skipped "*/*" because it is not a valid MIME type. Check https://developer.mozilla.org/en-US/docs/Web/HTTP/Basics_of_HTTP/MIME_types/Common_types for a list of valid MIME types. @ http://localhost:8000/assets/index-LFVFt-Wr.js:9207
[    7923ms] [WARNING] Skipped "*/*" because it is not a valid MIME type. Check https://developer.mozilla.org/en-US/docs/Web/HTTP/Basics_of_HTTP/MIME_types/Common_types for a list of valid MIME types. @ http://localhost:8000/assets/index-LFVFt-Wr.js:9207
[    7932ms] [WARNING] Skipped "*/*" because it is not a valid MIME type. Check https://developer.mozilla.org/en-US/docs/Web/HTTP/Basics_of_HTTP/MIME_types/Common_types for a list of valid MIME types. @ http://localhost:8000/assets/index-LFVFt-Wr.js:9207
[    7933ms] [WARNING] Skipped "*/*" because it is not a valid MIME type. Check https://developer.mozilla.org/en-US/docs/Web/HTTP/Basics_of_HTTP/MIME_types/Common_types for a list of valid MIME types. @ http://localhost:8000/assets/index-LFVFt-Wr.js:9207
[    7939ms] [WARNING] Skipped "*/*" because it is not a valid MIME type. Check https://developer.mozilla.org/en-US/docs/Web/HTTP/Basics_of_HTTP/MIME_types/Common_types for a list of valid MIME types. @ http://localhost:8000/assets/index-LFVFt-Wr.js:9207
[    7940ms] [WARNING] Skipped "*/*" because it is not a valid MIME type. Check https://developer.mozilla.org/en-US/docs/Web/HTTP/Basics_of_HTTP/MIME_types/Common_types for a list of valid MIME types. @ http://localhost:8000/assets/index-LFVFt-Wr.js:9207
[    8132ms] [WARNING] Skipped "*/*" because it is not a valid MIME type. Check https://developer.mozilla.org/en-US/docs/Web/HTTP/Basics_of_HTTP/MIME_types/Common_types for a list of valid MIME types. @ http://localhost:8000/assets/index-LFVFt-Wr.js:9207
[    8135ms] [WARNING] Skipped "*/*" because it is not a valid MIME type. Check https://developer.mozilla.org/en-US/docs/Web/HTTP/Basics_of_HTTP/MIME_types/Common_types for a list of valid MIME types. @ http://localhost:8000/assets/index-LFVFt-Wr.js:9207
[   15534ms] [WARNING] Skipped "*/*" because it is not a valid MIME type. Check https://developer.mozilla.org/en-US/docs/Web/HTTP/Basics_of_HTTP/MIME_types/Common_types for a list of valid MIME types. @ http://localhost:8000/assets/index-LFVFt-Wr.js:9207
[   15541ms] [WARNING] Skipped "*/*" because it is not a valid MIME type. Check https://developer.mozilla.org/en-US/docs/Web/HTTP/Basics_of_HTTP/MIME_types/Common_types for a list of valid MIME types. @ http://localhost:8000/assets/index-LFVFt-Wr.js:9207
[   15565ms] [WARNING] Skipped "*/*" because it is not a valid MIME type. Check https://developer.mozilla.org/en-US/docs/Web/HTTP/Basics_of_HTTP/MIME_types/Common_types for a list of valid MIME types. @ http://localhost:8000/assets/index-LFVFt-Wr.js:9207
[   15567ms] [WARNING] Skipped "*/*" because it is not a valid MIME type. Check https://developer.mozilla.org/en-US/docs/Web/HTTP/Basics_of_HTTP/MIME_types/Common_types for a list of valid MIME types. @ http://localhost:8000/assets/index-LFVFt-Wr.js:9207
[   15573ms] [WARNING] Skipped "*/*" because it is not a valid MIME type. Check https://developer.mozilla.org/en-US/docs/Web/HTTP/Basics_of_HTTP/MIME_types/Common_types for a list of valid MIME types. @ http://localhost:8000/assets/index-LFVFt-Wr.js:9207
[   15575ms] [WARNING] Skipped "*/*" because it is not a valid MIME type. Check https://developer.mozilla.org/en-US/docs/Web/HTTP/Basics_of_HTTP/MIME_types/Common_types for a list of valid MIME types. @ http://localhost:8000/assets/index-LFVFt-Wr.js:9207
[  429895ms] [ERROR] Failed to load resource: net::ERR_CONNECTION_REFUSED @ http://localhost:8000/ws/socket.io/?EIO=4&transport=polling&t=PuM2ncx:0
[  429900ms] [WARNING] Skipped "*/*" because it is not a valid MIME type. Check https://developer.mozilla.org/en-US/docs/Web/HTTP/Basics_of_HTTP/MIME_types/Common_types for a list of valid MIME types. @ http://localhost:8000/assets/index-LFVFt-Wr.js:9207
[  429903ms] [WARNING] Skipped "*/*" because it is not a valid MIME type. Check https://developer.mozilla.org/en-US/docs/Web/HTTP/Basics_of_HTTP/MIME_types/Common_types for a list of valid MIME types. @ http://localhost:8000/assets/index-LFVFt-Wr.js:9207
[  432532ms] [ERROR] Failed to load resource: net::ERR_CONNECTION_REFUSED @ http://localhost:8000/ws/socket.io/?EIO=4&transport=polling&t=PuM2oGH:0
[  432534ms] [WARNING] Skipped "*/*" because it is not a valid MIME type. Check https://developer.mozilla.org/en-US/docs/Web/HTTP/Basics_of_HTTP/MIME_types/Common_types for a list of valid MIME types. @ http://localhost:8000/assets/index-LFVFt-Wr.js:9207
[  432536ms] [WARNING] Skipped "*/*" because it is not a valid MIME type. Check https://developer.mozilla.org/en-US/docs/Web/HTTP/Basics_of_HTTP/MIME_types/Common_types for a list of valid MIME types. @ http://localhost:8000/assets/index-LFVFt-Wr.js:9207
[  436256ms] [ERROR] Failed to load resource: net::ERR_CONNECTION_REFUSED @ http://localhost:8000/ws/socket.io/?EIO=4&transport=polling&t=PuM2pAU:0
[  436262ms] [WARNING] Skipped "*/*" because it is not a valid MIME type. Check https://developer.mozilla.org/en-US/docs/Web/HTTP/Basics_of_HTTP/MIME_types/Common_types for a list of valid MIME types. @ http://localhost:8000/assets/index-LFVFt-Wr.js:9207
[  436268ms] [WARNING] Skipped "*/*" because it is not a valid MIME type. Check https://developer.mozilla.org/en-US/docs/Web/HTTP/Basics_of_HTTP/MIME_types/Common_types for a list of valid MIME types. @ http://localhost:8000/assets/index-LFVFt-Wr.js:9207
[  441626ms] [WARNING] Skipped "*/*" because it is not a valid MIME type. Check https://developer.mozilla.org/en-US/docs/Web/HTTP/Basics_of_HTTP/MIME_types/Common_types for a list of valid MIME types. @ http://localhost:8000/assets/index-LFVFt-Wr.js:9207
[  441628ms] [WARNING] Skipped "*/*" because it is not a valid MIME type. Check https://developer.mozilla.org/en-US/docs/Web/HTTP/Basics_of_HTTP/MIME_types/Common_types for a list of valid MIME types. @ http://localhost:8000/assets/index-LFVFt-Wr.js:9207
[  441662ms] [WARNING] Skipped "*/*" because it is not a valid MIME type. Check https://developer.mozilla.org/en-US/docs/Web/HTTP/Basics_of_HTTP/MIME_types/Common_types for a list of valid MIME types. @ http://localhost:8000/assets/index-LFVFt-Wr.js:9207
[  441671ms] [WARNING] Skipped "*/*" because it is not a valid MIME type. Check https://developer.mozilla.org/en-US/docs/Web/HTTP/Basics_of_HTTP/MIME_types/Common_types for a list of valid MIME types. @ http://localhost:8000/assets/index-LFVFt-Wr.js:9207
